{"uuid":"2091a813-fb41-4114-a5b4-faae75013633","historyId":"e8e62ad0823bc14f49929fc723216854","fullName":"org.selenium.pom.tests.APITestCases.CategoriesExec","labels":[{"name":"package","value":"org.selenium.pom.tests.APITestCases"},{"name":"testClass","value":"org.selenium.pom.tests.APITestCases"},{"name":"testMethod","value":"CategoriesExec"},{"name":"parentSuite","value":"Default Suite"},{"name":"suite","value":"ClipMasterFramework"},{"name":"subSuite","value":"org.selenium.pom.tests.APITestCases"},{"name":"host","value":"AlexDELL"},{"name":"thread","value":"23984@AlexDELL.main(1)"},{"name":"framework","value":"testng"},{"name":"language","value":"java"}],"links":[],"name":"Get Catalog Categories","status":"failed","statusDetails":{"known":false,"muted":false,"flaky":false,"message":"\r\nThe following assertion failed:\r\n1) expected:<\"M[x]\"> but was:<\"M[X]\">\r\n","trace":"org.assertj.core.api.SoftAssertionError: \r\nThe following assertion failed:\r\n1) expected:<\"M[x]\"> but was:<\"M[X]\">\r\n\r\n\tat org.assertj.core.error.AssertionErrorCreator.multipleSoftAssertionsError(AssertionErrorCreator.java:100)\r\n\tat org.assertj.core.api.AbstractSoftAssertions.assertAll(AbstractSoftAssertions.java:37)\r\n\tat org.assertj.core.api.AbstractSoftAssertions.assertAll(AbstractSoftAssertions.java:42)\r\n\tat org.selenium.pom.apis.login.Login.validateLoginResponse(Login.java:63)\r\n\tat org.selenium.pom.tests.APITestCases.CategoriesExec(APITestCases.java:29)\r\n\tat java.base/jdk.internal.reflect.NativeMethodAccessorImpl.invoke0(Native Method)\r\n\tat java.base/jdk.internal.reflect.NativeMethodAccessorImpl.invoke(NativeMethodAccessorImpl.java:77)\r\n\tat java.base/jdk.internal.reflect.DelegatingMethodAccessorImpl.invoke(DelegatingMethodAccessorImpl.java:43)\r\n\tat java.base/java.lang.reflect.Method.invoke(Method.java:568)\r\n\tat org.testng.internal.MethodInvocationHelper.invokeMethod(MethodInvocationHelper.java:132)\r\n\tat org.testng.internal.TestInvoker.invokeMethod(TestInvoker.java:599)\r\n\tat org.testng.internal.TestInvoker.invokeTestMethod(TestInvoker.java:174)\r\n\tat org.testng.internal.MethodRunner.runInSequence(MethodRunner.java:46)\r\n\tat org.testng.internal.TestInvoker$MethodInvocationAgent.invoke(TestInvoker.java:822)\r\n\tat org.testng.internal.TestInvoker.invokeTestMethods(TestInvoker.java:147)\r\n\tat org.testng.internal.TestMethodWorker.invokeTestMethods(TestMethodWorker.java:146)\r\n\tat org.testng.internal.TestMethodWorker.run(TestMethodWorker.java:128)\r\n\tat java.base/java.util.ArrayList.forEach(ArrayList.java:1511)\r\n\tat org.testng.TestRunner.privateRun(TestRunner.java:764)\r\n\tat org.testng.TestRunner.run(TestRunner.java:585)\r\n\tat org.testng.SuiteRunner.runTest(SuiteRunner.java:384)\r\n\tat org.testng.SuiteRunner.runSequentially(SuiteRunner.java:378)\r\n\tat org.testng.SuiteRunner.privateRun(SuiteRunner.java:337)\r\n\tat org.testng.SuiteRunner.run(SuiteRunner.java:286)\r\n\tat org.testng.SuiteRunnerWorker.runSuite(SuiteRunnerWorker.java:53)\r\n\tat org.testng.SuiteRunnerWorker.run(SuiteRunnerWorker.java:96)\r\n\tat org.testng.TestNG.runSuitesSequentially(TestNG.java:1218)\r\n\tat org.testng.TestNG.runSuitesLocally(TestNG.java:1140)\r\n\tat org.testng.TestNG.runSuites(TestNG.java:1069)\r\n\tat org.testng.TestNG.run(TestNG.java:1037)\r\n\tat com.intellij.rt.testng.IDEARemoteTestNG.run(IDEARemoteTestNG.java:66)\r\n\tat com.intellij.rt.testng.RemoteTestNGStarter.main(RemoteTestNGStarter.java:109)\r\n"},"stage":"finished","description":"This test should be able to Login, store an access_token and then get the categories in the Catalog","steps":[],"attachments":[{"name":"Request","source":"1ffb39c5-87c8-48a5-85d7-cfccb3c53853-attachment.html","type":"text/html"},{"name":"HTTP/1.1 200 OK","source":"feadd5ab-5bb5-495b-8132-147aab5a94f9-attachment.html","type":"text/html"}],"parameters":[],"start":1706142350925,"stop":1706142351520}